<?xml version="1.0" encoding="UTF-8"?>
<!-- Generated by org.testng.reporters.JUnitReportReporter -->
<testsuite hostname="LAPTOP-0H4UER3T" failures="0" tests="6" name="api.test.DataDrivenTests" time="6.678" errors="0" timestamp="2024-09-27T12:06:30 IST" skipped="0">
  <testcase classname="api.test.DataDrivenTests" name="testPostUser" time="1.061"/>
  <testcase classname="api.test.DataDrivenTests" name="testPostUser" time="1.160"/>
  <testcase classname="api.test.DataDrivenTests" name="testPostUser" time="1.120"/>
  <testcase classname="api.test.DataDrivenTests" name="testDeleteUserByName" time="1.155"/>
  <testcase classname="api.test.DataDrivenTests" name="testDeleteUserByName" time="1.079"/>
  <testcase classname="api.test.DataDrivenTests" name="testDeleteUserByName" time="1.103"/>
</testsuite> <!-- api.test.DataDrivenTests -->
