<?xml version="1.0" encoding="UTF-8"?>
<!-- Generated by org.testng.reporters.JUnitReportReporter -->
<testsuite hostname="LAPTOP-0H4UER3T" failures="0" tests="2" name="api.test.UserTests" time="3.535" errors="0" timestamp="2024-09-24T12:17:03 IST" skipped="0">
  <testcase classname="api.test.UserTests" name="testPostUser" time="2.422"/>
  <testcase classname="api.test.UserTests" name="testGetUserByName" time="1.113"/>
</testsuite> <!-- api.test.UserTests -->
