<?xml version="1.0" encoding="UTF-8"?>
<!-- Generated by org.testng.reporters.JUnitReportReporter -->
<testsuite hostname="LAPTOP-0H4UER3T" failures="0" tests="4" name="api.test.UserTests2" time="6.597" errors="0" timestamp="2024-09-27T12:06:30 IST" skipped="0">
  <testcase classname="api.test.UserTests2" name="testPostUser" time="1.548"/>
  <testcase classname="api.test.UserTests2" name="testGetUserByName" time="1.194"/>
  <testcase classname="api.test.UserTests2" name="testUpdateUserByName" time="2.720"/>
  <testcase classname="api.test.UserTests2" name="testDeleteUser" time="1.135"/>
</testsuite> <!-- api.test.UserTests2 -->
