<?xml version="1.0" encoding="UTF-8"?>
<!-- Generated by org.testng.reporters.JUnitReportReporter -->
<testsuite hostname="LAPTOP-0H4UER3T" failures="0" tests="6" name="api.test.DataDrivenTests" time="6.375" errors="0" timestamp="2024-09-24T12:17:03 IST" skipped="0">
  <testcase classname="api.test.DataDrivenTests" name="testPostUser" time="1.066"/>
  <testcase classname="api.test.DataDrivenTests" name="testPostUser" time="1.043"/>
  <testcase classname="api.test.DataDrivenTests" name="testPostUser" time="1.076"/>
  <testcase classname="api.test.DataDrivenTests" name="testDeleteUserByName" time="1.081"/>
  <testcase classname="api.test.DataDrivenTests" name="testDeleteUserByName" time="1.056"/>
  <testcase classname="api.test.DataDrivenTests" name="testDeleteUserByName" time="1.053"/>
</testsuite> <!-- api.test.DataDrivenTests -->
