<?xml version="1.0" encoding="UTF-8"?>
<!-- Generated by org.testng.reporters.JUnitReportReporter -->
<testsuite hostname="LAPTOP-0H4UER3T" failures="0" tests="4" name="api.test.UserTests2" time="5.305" errors="0" timestamp="2024-09-24T12:17:03 IST" skipped="0">
  <testcase classname="api.test.UserTests2" name="testPostUser" time="1.099"/>
  <testcase classname="api.test.UserTests2" name="testGetUserByName" time="1.059"/>
  <testcase classname="api.test.UserTests2" name="testUpdateUserByName" time="2.097"/>
  <testcase classname="api.test.UserTests2" name="testDeleteUser" time="1.050"/>
</testsuite> <!-- api.test.UserTests2 -->
