<?xml version="1.0" encoding="UTF-8"?>
<!-- Generated by org.testng.reporters.JUnitReportReporter -->
<testsuite hostname="LAPTOP-0H4UER3T" failures="0" tests="6" name="api.test.DataDrivenTests" time="7.659" errors="0" timestamp="2024-09-24T17:56:40 IST" skipped="0">
  <testcase classname="api.test.DataDrivenTests" name="testPostUser" time="1.225"/>
  <testcase classname="api.test.DataDrivenTests" name="testPostUser" time="1.282"/>
  <testcase classname="api.test.DataDrivenTests" name="testPostUser" time="1.300"/>
  <testcase classname="api.test.DataDrivenTests" name="testDeleteUserByName" time="1.282"/>
  <testcase classname="api.test.DataDrivenTests" name="testDeleteUserByName" time="1.280"/>
  <testcase classname="api.test.DataDrivenTests" name="testDeleteUserByName" time="1.290"/>
</testsuite> <!-- api.test.DataDrivenTests -->
